Number of Elements to be sorted : 100
The sorted sequence is:
126
354
374
1140
1172
1278
1336
1679
1742
2089
2129
2195
2436
4698
5721
5929
5999
6745
7444
7718
7727
7860
9265
9312
9814
10164
10497
10843
10946
11258
11497
11933
12087
12342
12907
13247
13289
13403
13423
13949
14049
14125
14229
14362
14545
15087
16556
16568
17326
17367
17390
17705
18023
18395
18677
18716
18726
19274
19315
19676
20132
20504
20809
20913
21456
21482
22385
22727
22822
23619
23721
24014
24082
24288
24626
25602
25924
25941
26175
26927
27285
27316
27754
28114
28136
28202
28520
28754
28831
29361
29430
30206
30918
30948
31043
31079
31394
31409
31413
31805
Number of Elements to be sorted : 100
Number of processors working together : 2
Elapsed Time: 0.001994 seconds
